2026/04/19 12:48:22 Server starting on :8080
2026/04/19 12:50:25 DEBUG: Found env var PRODUCT_CATALOG_SERVICE_ADDR=productcatalogservice:3550, extracted service=productcatalogservice, targetSvcID=svc-productcatalogservice
2026/04/19 12:50:25 DEBUG: Looking for targetService=productcatalogservice in serviceNames map with keys: [paymentservice redis-cart shippingservice checkoutservice frontend productcatalogservice recommendationservice kube-dns adservice cartservice currencyservice emailservice kubernetes]
2026/04/19 12:50:25 DEBUG: Service productcatalogservice found in map, podService=svc-checkoutservice, targetSvcID=svc-productcatalogservice
2026/04/19 12:50:25 DEBUG: Added edge: svc-checkoutservice -> svc-productcatalogservice
2026/04/19 12:50:25 DEBUG: Found env var SHIPPING_SERVICE_ADDR=shippingservice:50051, extracted service=shippingservice, targetSvcID=svc-shippingservice
2026/04/19 12:50:25 DEBUG: Looking for targetService=shippingservice in serviceNames map with keys: [productcatalogservice recommendationservice kube-dns adservice cartservice currencyservice emailservice kubernetes paymentservice redis-cart shippingservice checkoutservice frontend]
2026/04/19 12:50:25 DEBUG: Service shippingservice found in map, podService=svc-checkoutservice, targetSvcID=svc-shippingservice
2026/04/19 12:50:25 DEBUG: Added edge: svc-checkoutservice -> svc-shippingservice
2026/04/19 12:50:25 DEBUG: Found env var PAYMENT_SERVICE_ADDR=paymentservice:50051, extracted service=paymentservice, targetSvcID=svc-paymentservice
2026/04/19 12:50:25 DEBUG: Looking for targetService=paymentservice in serviceNames map with keys: [checkoutservice frontend productcatalogservice recommendationservice kube-dns adservice cartservice currencyservice emailservice kubernetes paymentservice redis-cart shippingservice]
2026/04/19 12:50:25 DEBUG: Service paymentservice found in map, podService=svc-checkoutservice, targetSvcID=svc-paymentservice
2026/04/19 12:50:25 DEBUG: Added edge: svc-checkoutservice -> svc-paymentservice
2026/04/19 12:50:25 DEBUG: Found env var EMAIL_SERVICE_ADDR=emailservice:5000, extracted service=emailservice, targetSvcID=svc-emailservice
2026/04/19 12:50:25 DEBUG: Looking for targetService=emailservice in serviceNames map with keys: [frontend productcatalogservice recommendationservice kube-dns adservice cartservice currencyservice emailservice kubernetes paymentservice redis-cart shippingservice checkoutservice]
2026/04/19 12:50:25 DEBUG: Service emailservice found in map, podService=svc-checkoutservice, targetSvcID=svc-emailservice
2026/04/19 12:50:25 DEBUG: Added edge: svc-checkoutservice -> svc-emailservice
2026/04/19 12:50:25 DEBUG: Found env var CURRENCY_SERVICE_ADDR=currencyservice:7000, extracted service=currencyservice, targetSvcID=svc-currencyservice
2026/04/19 12:50:25 DEBUG: Looking for targetService=currencyservice in serviceNames map with keys: [frontend productcatalogservice recommendationservice kube-dns adservice cartservice currencyservice emailservice kubernetes paymentservice redis-cart shippingservice checkoutservice]
2026/04/19 12:50:25 DEBUG: Service currencyservice found in map, podService=svc-checkoutservice, targetSvcID=svc-currencyservice
2026/04/19 12:50:25 DEBUG: Added edge: svc-checkoutservice -> svc-currencyservice
2026/04/19 12:50:25 DEBUG: Found env var CART_SERVICE_ADDR=cartservice:7070, extracted service=cartservice, targetSvcID=svc-cartservice
2026/04/19 12:50:25 DEBUG: Looking for targetService=cartservice in serviceNames map with keys: [paymentservice redis-cart shippingservice checkoutservice frontend productcatalogservice recommendationservice kube-dns adservice cartservice currencyservice emailservice kubernetes]
2026/04/19 12:50:25 DEBUG: Service cartservice found in map, podService=svc-checkoutservice, targetSvcID=svc-cartservice
2026/04/19 12:50:25 DEBUG: Added edge: svc-checkoutservice -> svc-cartservice
2026/04/19 12:50:25 DEBUG: Found env var PRODUCT_CATALOG_SERVICE_ADDR=productcatalogservice:3550, extracted service=productcatalogservice, targetSvcID=svc-productcatalogservice
2026/04/19 12:50:25 DEBUG: Looking for targetService=productcatalogservice in serviceNames map with keys: [adservice cartservice currencyservice emailservice kubernetes paymentservice redis-cart shippingservice checkoutservice frontend productcatalogservice recommendationservice kube-dns]
2026/04/19 12:50:25 DEBUG: Service productcatalogservice found in map, podService=svc-frontend, targetSvcID=svc-productcatalogservice
2026/04/19 12:50:25 DEBUG: Added edge: svc-frontend -> svc-productcatalogservice
2026/04/19 12:50:25 DEBUG: Found env var CURRENCY_SERVICE_ADDR=currencyservice:7000, extracted service=currencyservice, targetSvcID=svc-currencyservice
2026/04/19 12:50:25 DEBUG: Looking for targetService=currencyservice in serviceNames map with keys: [kube-dns adservice cartservice currencyservice emailservice kubernetes paymentservice redis-cart shippingservice checkoutservice frontend productcatalogservice recommendationservice]
2026/04/19 12:50:25 DEBUG: Service currencyservice found in map, podService=svc-frontend, targetSvcID=svc-currencyservice
2026/04/19 12:50:25 DEBUG: Added edge: svc-frontend -> svc-currencyservice
2026/04/19 12:50:25 DEBUG: Found env var CART_SERVICE_ADDR=cartservice:7070, extracted service=cartservice, targetSvcID=svc-cartservice
2026/04/19 12:50:25 DEBUG: Looking for targetService=cartservice in serviceNames map with keys: [adservice cartservice currencyservice emailservice kubernetes paymentservice redis-cart shippingservice checkoutservice frontend productcatalogservice recommendationservice kube-dns]
2026/04/19 12:50:25 DEBUG: Service cartservice found in map, podService=svc-frontend, targetSvcID=svc-cartservice
2026/04/19 12:50:25 DEBUG: Added edge: svc-frontend -> svc-cartservice
2026/04/19 12:50:25 DEBUG: Found env var RECOMMENDATION_SERVICE_ADDR=recommendationservice:8080, extracted service=recommendationservice, targetSvcID=svc-recommendationservice
2026/04/19 12:50:25 DEBUG: Looking for targetService=recommendationservice in serviceNames map with keys: [kubernetes paymentservice redis-cart shippingservice checkoutservice frontend productcatalogservice recommendationservice kube-dns adservice cartservice currencyservice emailservice]
2026/04/19 12:50:25 DEBUG: Service recommendationservice found in map, podService=svc-frontend, targetSvcID=svc-recommendationservice
2026/04/19 12:50:25 DEBUG: Added edge: svc-frontend -> svc-recommendationservice
2026/04/19 12:50:25 DEBUG: Found env var SHIPPING_SERVICE_ADDR=shippingservice:50051, extracted service=shippingservice, targetSvcID=svc-shippingservice
2026/04/19 12:50:25 DEBUG: Looking for targetService=shippingservice in serviceNames map with keys: [adservice cartservice currencyservice emailservice kubernetes paymentservice redis-cart shippingservice checkoutservice frontend productcatalogservice recommendationservice kube-dns]
2026/04/19 12:50:25 DEBUG: Service shippingservice found in map, podService=svc-frontend, targetSvcID=svc-shippingservice
2026/04/19 12:50:25 DEBUG: Added edge: svc-frontend -> svc-shippingservice
2026/04/19 12:50:25 DEBUG: Found env var CHECKOUT_SERVICE_ADDR=checkoutservice:5050, extracted service=checkoutservice, targetSvcID=svc-checkoutservice
2026/04/19 12:50:25 DEBUG: Looking for targetService=checkoutservice in serviceNames map with keys: [productcatalogservice recommendationservice kube-dns adservice cartservice currencyservice emailservice kubernetes paymentservice redis-cart shippingservice checkoutservice frontend]
2026/04/19 12:50:25 DEBUG: Service checkoutservice found in map, podService=svc-frontend, targetSvcID=svc-checkoutservice
2026/04/19 12:50:25 DEBUG: Added edge: svc-frontend -> svc-checkoutservice
2026/04/19 12:50:25 DEBUG: Found env var AD_SERVICE_ADDR=adservice:9555, extracted service=adservice, targetSvcID=svc-adservice
2026/04/19 12:50:25 DEBUG: Looking for targetService=adservice in serviceNames map with keys: [adservice cartservice currencyservice emailservice kubernetes paymentservice redis-cart shippingservice checkoutservice frontend productcatalogservice recommendationservice kube-dns]
2026/04/19 12:50:25 DEBUG: Service adservice found in map, podService=svc-frontend, targetSvcID=svc-adservice
2026/04/19 12:50:25 DEBUG: Added edge: svc-frontend -> svc-adservice
2026/04/19 12:50:25 DEBUG: Found env var SHOPPING_ASSISTANT_SERVICE_ADDR=shoppingassistantservice:80, extracted service=shoppingassistantservice, targetSvcID=svc-shoppingassistantservice
2026/04/19 12:50:25 DEBUG: Looking for targetService=shoppingassistantservice in serviceNames map with keys: [emailservice kubernetes paymentservice redis-cart shippingservice checkoutservice frontend productcatalogservice recommendationservice kube-dns adservice cartservice currencyservice]
2026/04/19 12:50:25 DEBUG: Service shoppingassistantservice NOT found in map
2026/04/19 12:50:25 DEBUG: Found env var PRODUCT_CATALOG_SERVICE_ADDR=productcatalogservice:3550, extracted service=productcatalogservice, targetSvcID=svc-productcatalogservice
2026/04/19 12:50:25 DEBUG: Looking for targetService=productcatalogservice in serviceNames map with keys: [currencyservice emailservice kubernetes paymentservice redis-cart shippingservice checkoutservice frontend productcatalogservice recommendationservice kube-dns adservice cartservice]
2026/04/19 12:50:25 DEBUG: Service productcatalogservice found in map, podService=svc-recommendationservice, targetSvcID=svc-productcatalogservice
2026/04/19 12:50:25 DEBUG: Added edge: svc-recommendationservice -> svc-productcatalogservice
2026/04/19 12:50:27 DEBUG: Found env var PRODUCT_CATALOG_SERVICE_ADDR=productcatalogservice:3550, extracted service=productcatalogservice, targetSvcID=svc-productcatalogservice
2026/04/19 12:50:27 DEBUG: Looking for targetService=productcatalogservice in serviceNames map with keys: [cartservice checkoutservice currencyservice emailservice paymentservice recommendationservice redis-cart shippingservice adservice frontend kubernetes productcatalogservice kube-dns]
2026/04/19 12:50:27 DEBUG: Service productcatalogservice found in map, podService=svc-checkoutservice, targetSvcID=svc-productcatalogservice
2026/04/19 12:50:27 DEBUG: Added edge: svc-checkoutservice -> svc-productcatalogservice
2026/04/19 12:50:27 DEBUG: Found env var SHIPPING_SERVICE_ADDR=shippingservice:50051, extracted service=shippingservice, targetSvcID=svc-shippingservice
2026/04/19 12:50:27 DEBUG: Looking for targetService=shippingservice in serviceNames map with keys: [redis-cart shippingservice adservice frontend kubernetes productcatalogservice kube-dns cartservice checkoutservice currencyservice emailservice paymentservice recommendationservice]
2026/04/19 12:50:27 DEBUG: Service shippingservice found in map, podService=svc-checkoutservice, targetSvcID=svc-shippingservice
2026/04/19 12:50:27 DEBUG: Added edge: svc-checkoutservice -> svc-shippingservice
2026/04/19 12:50:27 DEBUG: Found env var PAYMENT_SERVICE_ADDR=paymentservice:50051, extracted service=paymentservice, targetSvcID=svc-paymentservice
2026/04/19 12:50:27 DEBUG: Looking for targetService=paymentservice in serviceNames map with keys: [cartservice checkoutservice currencyservice emailservice paymentservice recommendationservice redis-cart shippingservice adservice frontend kubernetes productcatalogservice kube-dns]
2026/04/19 12:50:27 DEBUG: Service paymentservice found in map, podService=svc-checkoutservice, targetSvcID=svc-paymentservice
2026/04/19 12:50:27 DEBUG: Added edge: svc-checkoutservice -> svc-paymentservice
2026/04/19 12:50:27 DEBUG: Found env var EMAIL_SERVICE_ADDR=emailservice:5000, extracted service=emailservice, targetSvcID=svc-emailservice
2026/04/19 12:50:27 DEBUG: Looking for targetService=emailservice in serviceNames map with keys: [currencyservice emailservice paymentservice recommendationservice redis-cart shippingservice adservice frontend kubernetes productcatalogservice kube-dns cartservice checkoutservice]
2026/04/19 12:50:27 DEBUG: Service emailservice found in map, podService=svc-checkoutservice, targetSvcID=svc-emailservice
2026/04/19 12:50:27 DEBUG: Added edge: svc-checkoutservice -> svc-emailservice
2026/04/19 12:50:27 DEBUG: Found env var CURRENCY_SERVICE_ADDR=currencyservice:7000, extracted service=currencyservice, targetSvcID=svc-currencyservice
2026/04/19 12:50:27 DEBUG: Looking for targetService=currencyservice in serviceNames map with keys: [frontend kubernetes productcatalogservice kube-dns cartservice checkoutservice currencyservice emailservice paymentservice recommendationservice redis-cart shippingservice adservice]
2026/04/19 12:50:27 DEBUG: Service currencyservice found in map, podService=svc-checkoutservice, targetSvcID=svc-currencyservice
2026/04/19 12:50:27 DEBUG: Added edge: svc-checkoutservice -> svc-currencyservice
2026/04/19 12:50:27 DEBUG: Found env var CART_SERVICE_ADDR=cartservice:7070, extracted service=cartservice, targetSvcID=svc-cartservice
2026/04/19 12:50:27 DEBUG: Looking for targetService=cartservice in serviceNames map with keys: [currencyservice emailservice paymentservice recommendationservice redis-cart shippingservice adservice frontend kubernetes productcatalogservice kube-dns cartservice checkoutservice]
2026/04/19 12:50:27 DEBUG: Service cartservice found in map, podService=svc-checkoutservice, targetSvcID=svc-cartservice
2026/04/19 12:50:27 DEBUG: Added edge: svc-checkoutservice -> svc-cartservice
2026/04/19 12:50:27 DEBUG: Found env var PRODUCT_CATALOG_SERVICE_ADDR=productcatalogservice:3550, extracted service=productcatalogservice, targetSvcID=svc-productcatalogservice
2026/04/19 12:50:27 DEBUG: Looking for targetService=productcatalogservice in serviceNames map with keys: [emailservice paymentservice recommendationservice redis-cart shippingservice adservice frontend kubernetes productcatalogservice kube-dns cartservice checkoutservice currencyservice]
2026/04/19 12:50:27 DEBUG: Service productcatalogservice found in map, podService=svc-frontend, targetSvcID=svc-productcatalogservice
2026/04/19 12:50:27 DEBUG: Added edge: svc-frontend -> svc-productcatalogservice
2026/04/19 12:50:27 DEBUG: Found env var CURRENCY_SERVICE_ADDR=currencyservice:7000, extracted service=currencyservice, targetSvcID=svc-currencyservice
2026/04/19 12:50:27 DEBUG: Looking for targetService=currencyservice in serviceNames map with keys: [cartservice checkoutservice currencyservice emailservice paymentservice recommendationservice redis-cart shippingservice adservice frontend kubernetes productcatalogservice kube-dns]
2026/04/19 12:50:27 DEBUG: Service currencyservice found in map, podService=svc-frontend, targetSvcID=svc-currencyservice
2026/04/19 12:50:27 DEBUG: Added edge: svc-frontend -> svc-currencyservice
2026/04/19 12:50:27 DEBUG: Found env var CART_SERVICE_ADDR=cartservice:7070, extracted service=cartservice, targetSvcID=svc-cartservice
2026/04/19 12:50:27 DEBUG: Looking for targetService=cartservice in serviceNames map with keys: [frontend kubernetes productcatalogservice kube-dns cartservice checkoutservice currencyservice emailservice paymentservice recommendationservice redis-cart shippingservice adservice]
2026/04/19 12:50:27 DEBUG: Service cartservice found in map, podService=svc-frontend, targetSvcID=svc-cartservice
2026/04/19 12:50:27 DEBUG: Added edge: svc-frontend -> svc-cartservice
2026/04/19 12:50:27 DEBUG: Found env var RECOMMENDATION_SERVICE_ADDR=recommendationservice:8080, extracted service=recommendationservice, targetSvcID=svc-recommendationservice
2026/04/19 12:50:27 DEBUG: Looking for targetService=recommendationservice in serviceNames map with keys: [redis-cart shippingservice adservice frontend kubernetes productcatalogservice kube-dns cartservice checkoutservice currencyservice emailservice paymentservice recommendationservice]
2026/04/19 12:50:27 DEBUG: Service recommendationservice found in map, podService=svc-frontend, targetSvcID=svc-recommendationservice
2026/04/19 12:50:27 DEBUG: Added edge: svc-frontend -> svc-recommendationservice
2026/04/19 12:50:27 DEBUG: Found env var SHIPPING_SERVICE_ADDR=shippingservice:50051, extracted service=shippingservice, targetSvcID=svc-shippingservice
2026/04/19 12:50:27 DEBUG: Looking for targetService=shippingservice in serviceNames map with keys: [paymentservice recommendationservice redis-cart shippingservice adservice frontend kubernetes productcatalogservice kube-dns cartservice checkoutservice currencyservice emailservice]
2026/04/19 12:50:27 DEBUG: Service shippingservice found in map, podService=svc-frontend, targetSvcID=svc-shippingservice
2026/04/19 12:50:27 DEBUG: Added edge: svc-frontend -> svc-shippingservice
2026/04/19 12:50:27 DEBUG: Found env var CHECKOUT_SERVICE_ADDR=checkoutservice:5050, extracted service=checkoutservice, targetSvcID=svc-checkoutservice
2026/04/19 12:50:27 DEBUG: Looking for targetService=checkoutservice in serviceNames map with keys: [kube-dns cartservice checkoutservice currencyservice emailservice paymentservice recommendationservice redis-cart shippingservice adservice frontend kubernetes productcatalogservice]
2026/04/19 12:50:27 DEBUG: Service checkoutservice found in map, podService=svc-frontend, targetSvcID=svc-checkoutservice
2026/04/19 12:50:27 DEBUG: Added edge: svc-frontend -> svc-checkoutservice
2026/04/19 12:50:27 DEBUG: Found env var AD_SERVICE_ADDR=adservice:9555, extracted service=adservice, targetSvcID=svc-adservice
2026/04/19 12:50:27 DEBUG: Looking for targetService=adservice in serviceNames map with keys: [cartservice checkoutservice currencyservice emailservice paymentservice recommendationservice redis-cart shippingservice adservice frontend kubernetes productcatalogservice kube-dns]
2026/04/19 12:50:27 DEBUG: Service adservice found in map, podService=svc-frontend, targetSvcID=svc-adservice
2026/04/19 12:50:27 DEBUG: Added edge: svc-frontend -> svc-adservice
2026/04/19 12:50:27 DEBUG: Found env var SHOPPING_ASSISTANT_SERVICE_ADDR=shoppingassistantservice:80, extracted service=shoppingassistantservice, targetSvcID=svc-shoppingassistantservice
2026/04/19 12:50:27 DEBUG: Looking for targetService=shoppingassistantservice in serviceNames map with keys: [cartservice checkoutservice currencyservice emailservice paymentservice recommendationservice redis-cart shippingservice adservice frontend kubernetes productcatalogservice kube-dns]
2026/04/19 12:50:27 DEBUG: Service shoppingassistantservice NOT found in map
2026/04/19 12:50:27 DEBUG: Found env var PRODUCT_CATALOG_SERVICE_ADDR=productcatalogservice:3550, extracted service=productcatalogservice, targetSvcID=svc-productcatalogservice
2026/04/19 12:50:27 DEBUG: Looking for targetService=productcatalogservice in serviceNames map with keys: [cartservice checkoutservice currencyservice emailservice paymentservice recommendationservice redis-cart shippingservice adservice frontend kubernetes productcatalogservice kube-dns]
2026/04/19 12:50:27 DEBUG: Service productcatalogservice found in map, podService=svc-recommendationservice, targetSvcID=svc-productcatalogservice
2026/04/19 12:50:27 DEBUG: Added edge: svc-recommendationservice -> svc-productcatalogservice
2026/04/19 12:50:27 Failed to write to websocket: write tcp [::1]:8080->[::1]:54067: write: broken pipe
